[12:19:04] [*] Log: C:\Users\muham\Desktop\Dev\kangalguard-dynamic\logs\run_20260301_121904_benign.log

[12:19:04] [*] Mevcut CSV'ye ekleniyor: kangal_dataset.csv

[12:19:04] ============================================================
[12:19:04]   KangalGuard Batch Analyzer
[12:19:04] ============================================================
[12:19:04]   Klasör  : data\benign
[12:19:04]   Label   : benign
[12:19:04]   APK     : 1001
[12:19:04]   Timeout : 75s / APK
[12:19:04]   CSV     : kangal_dataset.csv
[12:19:04]   Atlanacak (zaten işlenmiş): 157
[12:19:04]   Atlanacak (daha önce hatalı): 0
[12:19:04]   Log     : C:\Users\muham\Desktop\Dev\kangalguard-dynamic\logs\failed_apks.csv
[12:19:04] ============================================================

[12:19:04] [1/1001] SKIP (zaten işlenmiş): 00A01AC1AE904EC1FA4096339F3085472B7C5DB3BD7F9E11509D4D9E3F3144E0.apk
[12:19:04] [2/1001] SKIP (zaten işlenmiş): 00A0F3910123006F3B112D540E95C69D992E88BF9F29EDEAB7A24FEA30993BD1.apk

[12:19:04] [3/1001] İşleniyor...
[12:19:04]   [*] Snapshot yükleniyor (kangal_clean)...
[12:20:39]   [!] Snapshot timeout — emülatör durumu kontrol ediliyor...
[12:20:39]   [!] Snapshot timeout (emülatör state: unknown) — eski yöntemle devam

[12:20:39] ━━━━━━━━━━━━━━━━━━━━━━━━━━━━━━━━━━━━━━━━━━━━━━━━━━━━━━━━━━━━
[12:20:39] [APK] 00A1FDA79FEC10DC107A667FD02475B7E605F20FCD2D55D4F53F784B9B09C366.apk
[12:20:39] ━━━━━━━━━━━━━━━━━━━━━━━━━━━━━━━━━━━━━━━━━━━━━━━━━━━━━━━━━━━━
[12:20:39]   [+] Package : com.golddata.app
[12:20:39]   [+] Label   : benign
[12:20:39]   [*] Kuruluyor...
[12:20:39]   [-] adb install başarısız:  adb.exe: device offline

[12:20:39]   Durum: ✅ 0  ⏭️  3  ❌ 0  | ⏱️  ~530.4 dk kaldı

[12:20:39] [4/1001] İşleniyor...
[12:20:39]   [*] Snapshot yükleniyor (kangal_clean)...
[12:22:14]   [!] Snapshot timeout — emülatör durumu kontrol ediliyor...
[12:22:14]   [!] Snapshot timeout (emülatör state: unknown) — eski yöntemle devam

[12:22:14] ━━━━━━━━━━━━━━━━━━━━━━━━━━━━━━━━━━━━━━━━━━━━━━━━━━━━━━━━━━━━
[12:22:14] [APK] 00A2C5F0C33C6AA6054366FDEEF94E9F3E81E8CBEC7D45E4BDC3AE341D2B014E.apk
[12:22:14] ━━━━━━━━━━━━━━━━━━━━━━━━━━━━━━━━━━━━━━━━━━━━━━━━━━━━━━━━━━━━
[12:22:14]   [+] Package : io.polikum.sputnik
[12:22:14]   [+] Label   : benign
[12:22:14]   [*] Kuruluyor...
[12:22:14]   [-] adb install başarısız:  adb.exe: device offline

[12:22:14]   Durum: ✅ 0  ⏭️  4  ❌ 0  | ⏱️  ~792.0 dk kaldı
[12:22:14] [5/1001] SKIP (zaten işlenmiş): 00A2E5CBE515099673BA735297687DEE0A80D782106C89E17463A750E5F979E0.apk
[12:22:14] [6/1001] SKIP (zaten işlenmiş): 00EB836A23FF8A351F2C4B4F0CD0848EF03A067943672317330069F1CFFF8F84.apk

[12:22:15] [7/1001] İşleniyor...
[12:22:15]   [*] Snapshot yükleniyor (kangal_clean)...
