[22:46:55] [*] Log: C:\Users\muham\Desktop\Dev\kangalguard-dynamic\logs\run_20260228_224655_benign.log

[22:46:56] [*] Mevcut CSV'ye ekleniyor: kangal_dataset.csv

[22:46:56] ============================================================
[22:46:56]   KangalGuard Batch Analyzer
[22:46:56] ============================================================
[22:46:56]   Klasör  : data\benign
[22:46:56]   Label   : benign
[22:46:56]   APK     : 1001
[22:46:56]   Timeout : 75s / APK
[22:46:56]   CSV     : kangal_dataset.csv
[22:46:56]   Atlanacak (zaten işlenmiş): 5
[22:46:56]   Atlanacak (daha önce hatalı): 3
[22:46:56]   Log     : C:\Users\muham\Desktop\Dev\kangalguard-dynamic\logs\failed_apks.csv
[22:46:56] ============================================================

[22:46:56] [1/1001] SKIP (zaten işlenmiş): 00A01AC1AE904EC1FA4096339F3085472B7C5DB3BD7F9E11509D4D9E3F3144E0.apk
[22:46:56] [2/1001] SKIP (zaten işlenmiş): 00A0F3910123006F3B112D540E95C69D992E88BF9F29EDEAB7A24FEA30993BD1.apk

[22:46:56] [3/1001] İşleniyor...

[22:46:56] ━━━━━━━━━━━━━━━━━━━━━━━━━━━━━━━━━━━━━━━━━━━━━━━━━━━━━━━━━━━━
[22:46:56] [APK] 00A1FDA79FEC10DC107A667FD02475B7E605F20FCD2D55D4F53F784B9B09C366.apk
[22:46:56] ━━━━━━━━━━━━━━━━━━━━━━━━━━━━━━━━━━━━━━━━━━━━━━━━━━━━━━━━━━━━
[22:46:56]   [+] Package : com.golddata.app
[22:46:56]   [+] Label   : benign
[22:46:56]   [*] Kuruluyor...
[22:47:12]   [+] Kurulum OK
[22:47:12] [*] Agent.ts derleniyor...
[22:47:12] [+] Derleme tamam — tüm APK'larda bu bundle kullanılacak.
[22:47:12]   [*] Uygulama başlatılıyor (monkey)...
[22:47:13]   [*] PID aranıyor...
[22:47:21]   [-] PID bulunamadı → SKIP
[22:47:21]   [DEBUG] latest_counters tip: <class 'dict'>, uzunluk: 0, toplam: 0
[22:47:21]   [-] Sayaç verisi yok — boş satır yazılmıyor.
[22:47:26]   [+] Kaldırıldı: com.golddata.app

[22:47:26]   Durum: ✅ 0  ⏭️  3  ❌ 0  | ⏱️  ~171.3 dk kaldı
[22:47:26] [4/1001] SKIP (daha önce hatalı): 00A2C5F0C33C6AA6054366FDEEF94E9F3E81E8CBEC7D45E4BDC3AE341D2B014E.apk

[22:47:26] [5/1001] İşleniyor...

[22:47:26] ━━━━━━━━━━━━━━━━━━━━━━━━━━━━━━━━━━━━━━━━━━━━━━━━━━━━━━━━━━━━
[22:47:26] [APK] 00A2E5CBE515099673BA735297687DEE0A80D782106C89E17463A750E5F979E0.apk
[22:47:26] ━━━━━━━━━━━━━━━━━━━━━━━━━━━━━━━━━━━━━━━━━━━━━━━━━━━━━━━━━━━━
[22:47:26]   [+] Package : satexam.com
[22:47:26]   [+] Label   : benign
[22:47:26]   [*] Kuruluyor...
[22:47:42]   [+] Kurulum OK
[22:47:42]   [*] Uygulama başlatılıyor (monkey)...
[22:47:43]   [*] PID aranıyor...
[22:47:43]   [+] PID: 5792 — attach ediliyor...
[22:47:44] === KangalGuard Agent Başladı ===
[22:47:44] [+] Method.invoke (reflection)
[22:47:44] [+] DexClassLoader.$init
[22:47:44] [+] Runtime.exec
[22:47:44] [+] Class.forName
[22:47:44] [+] PackageManager.getPackageInfo
[22:47:44] [+] SmsManager.sendTextMessage
[22:47:44] [+] TelephonyManager.getDeviceId
[22:47:44] [+] TelephonyManager.getSubscriberId
[22:47:44] [+] Cipher.init
[22:47:44] [+] KeyGenerator.generateKey
[22:47:44] [+] Base64.encode/encodeToString
[22:47:44] [+] SecureRandom.$init
[22:47:44] [+] System.exit (bypass)
[22:47:44] [+] Debug.isDebuggerConnected (bypass)
[22:47:44] [+] SystemProperties.get (emulator check)
[22:47:44] [+] File.exists (root path check)
[22:47:44] [+] Thread.sleep (timing attack)
[22:47:44] [+] Thread.getStackTrace
[22:47:44] [+] System.loadLibrary
[22:47:44] [+] Intent.setAction (implicit)
[22:47:44] [+] Activity.startActivity
[22:47:44] [+] ContextWrapper.sendBroadcast
[22:47:44] [+] ContextWrapper.bindService
[22:47:44] [+] ContentResolver.query
[22:47:44] [+] ContentResolver.insert
[22:47:44] [+] FileOutputStream.$init (write)
[22:47:44] [+] SharedPreferences.putString
[22:47:44] [+] ContextWrapper.openFileOutput
[22:47:44] [+] File.delete
[22:47:44] [+] Environment.getExternalStorageDirectory
[22:47:44] [+] Socket.$init (raw socket)
[22:47:44] [+] URL.openConnection
[22:47:44] [+] SSLContext.init (TrustManager bypass)
[22:47:44] [+] InetAddress.getByName (DNS)
[22:47:44] [+] URLConnection.setRequestProperty
[22:47:44] [+] AlarmManager.set
[22:47:44] [+] JobScheduler.schedule
[22:47:44] [+] ContextWrapper.registerReceiver
[22:47:44] [+] Activity.requestPermissions
[22:47:44] [+] PackageManager.setComponentEnabledSetting
[22:47:44] [+] Thread.$init (thread create)
[22:47:44] [+] ActivityManager.getRunningAppProcesses
[22:47:44] [+] ByteBuffer.allocate (>5MB)
[22:47:44] [+] ClassLoader.getParent
[22:47:44] === 50 Feature Hook Hazır ===
[22:47:44]   [!] Analiz başladı — 75s
[22:49:00]   [*] Süre doldu, veriler RPC ile alınıyor...
[22:49:00]   [!] RPC başarısız (script has been destroyed) — snapshot da yok
[22:49:00]   [DEBUG] latest_counters tip: <class 'dict'>, uzunluk: 0, toplam: 0
[22:49:00]   [-] Sayaç verisi yok — boş satır yazılmıyor.
[22:49:06]   [+] Kaldırıldı: satexam.com

[22:49:06]   Durum: ✅ 1  ⏭️  4  ❌ 0  | ⏱️  ~432.7 dk kaldı
[22:49:06] [6/1001] SKIP (zaten işlenmiş): 00EB836A23FF8A351F2C4B4F0CD0848EF03A067943672317330069F1CFFF8F84.apk

[22:49:06] [7/1001] İşleniyor...

[22:49:06] ━━━━━━━━━━━━━━━━━━━━━━━━━━━━━━━━━━━━━━━━━━━━━━━━━━━━━━━━━━━━
[22:49:06] [APK] 00EBBD8D068DE3CF0B077875EE4DB309D0F4DD030E1D6C4E9BDAA63BA0ADDE75.apk
[22:49:06] ━━━━━━━━━━━━━━━━━━━━━━━━━━━━━━━━━━━━━━━━━━━━━━━━━━━━━━━━━━━━
[22:49:06]   [+] Package : com.iwanamaker.ihsa
[22:49:06]   [+] Label   : benign
[22:49:06]   [*] Kuruluyor...
[22:49:21]   [+] Kurulum OK
[22:49:21]   [*] Uygulama başlatılıyor (monkey)...
[22:49:22]   [*] PID aranıyor...
[22:49:22]   [+] PID: 6291 — attach ediliyor...
[22:49:22]   [!] Transport hatası (ProcessNotRespondingError): process with pid 6291 either refused to load frida-agent, or terminated during injection
[22:49:22]   [*] Frida server yeniden başlatılıyor (/data/local/tmp/frida-server)...
[22:49:31]   [+] Frida server yeniden başlatıldı (6s beklendi)
[22:49:31]   [DEBUG] latest_counters tip: <class 'dict'>, uzunluk: 0, toplam: 0
[22:49:31]   [-] Sayaç verisi yok — boş satır yazılmıyor.
[22:49:36]   [+] Kaldırıldı: com.iwanamaker.ihsa

[22:49:36]   Durum: ✅ 1  ⏭️  6  ❌ 0  | ⏱️  ~380.8 dk kaldı
[22:49:36] [8/1001] SKIP (zaten işlenmiş): 00EBCD3387F0EAA60CF61007A84D457B103F80F45FE1A727E684315101EB180C.apk

[22:49:36] [9/1001] İşleniyor...

[22:49:36] ━━━━━━━━━━━━━━━━━━━━━━━━━━━━━━━━━━━━━━━━━━━━━━━━━━━━━━━━━━━━
[22:49:36] [APK] 00EBCE0F7E47AF62F8F2826D9E31BB02FC8DFD030684E73082844DD5B4F16740.apk
[22:49:36] ━━━━━━━━━━━━━━━━━━━━━━━━━━━━━━━━━━━━━━━━━━━━━━━━━━━━━━━━━━━━
[22:49:37]   [+] Package : com.meyer.finder
[22:49:37]   [+] Label   : benign
[22:49:37]   [*] Kuruluyor...
[22:49:53]   [+] Kurulum OK
[22:49:53]   [*] Uygulama başlatılıyor (monkey)...
[22:49:53]   [*] PID aranıyor...
[22:49:53]   [+] PID: 6444 — attach ediliyor...
[22:49:55] === KangalGuard Agent Başladı ===
[22:49:55] [+] Method.invoke (reflection)
[22:49:55] [+] DexClassLoader.$init
[22:49:55] [+] Runtime.exec
[22:49:55] [+] Class.forName
[22:49:55] [+] PackageManager.getPackageInfo
[22:49:55] [+] SmsManager.sendTextMessage
[22:49:55] [+] TelephonyManager.getDeviceId
[22:49:55] [+] TelephonyManager.getSubscriberId
[22:49:55] [+] Cipher.init
[22:49:55] [+] KeyGenerator.generateKey
[22:49:55] [+] Base64.encode/encodeToString
[22:49:55] [+] SecureRandom.$init
[22:49:55] [+] System.exit (bypass)
[22:49:55] [+] Debug.isDebuggerConnected (bypass)
[22:49:55] [+] SystemProperties.get (emulator check)
[22:49:55] [+] File.exists (root path check)
[22:49:55] [+] Thread.sleep (timing attack)
[22:49:55] [+] Thread.getStackTrace
[22:49:55] [+] System.loadLibrary
[22:49:55] [+] Intent.setAction (implicit)
[22:49:55] [+] Activity.startActivity
[22:49:55] [+] ContextWrapper.sendBroadcast
[22:49:55] [+] ContextWrapper.bindService
[22:49:55] [+] ContentResolver.query
[22:49:55] [+] ContentResolver.insert
[22:49:55] [+] FileOutputStream.$init (write)
[22:49:55] [+] SharedPreferences.putString
[22:49:55] [+] ContextWrapper.openFileOutput
[22:49:55] [+] File.delete
[22:49:55] [+] Environment.getExternalStorageDirectory
[22:49:55] [+] Socket.$init (raw socket)
[22:49:55] [+] URL.openConnection
[22:49:55] [+] SSLContext.init (TrustManager bypass)
[22:49:55] [+] InetAddress.getByName (DNS)
[22:49:55] [+] URLConnection.setRequestProperty
[22:49:55] [+] AlarmManager.set
[22:49:55] [+] JobScheduler.schedule
[22:49:55] [+] ContextWrapper.registerReceiver
[22:49:55] [+] Activity.requestPermissions
[22:49:55] [+] PackageManager.setComponentEnabledSetting
[22:49:55] [+] Thread.$init (thread create)
[22:49:55] [+] ActivityManager.getRunningAppProcesses
[22:49:55] [+] ByteBuffer.allocate (>5MB)
[22:49:55] [+] ClassLoader.getParent
[22:49:55] === 50 Feature Hook Hazır ===
[22:49:55]   [!] Analiz başladı — 75s
[22:49:55] [ANTI] Thread.sleep(10000ms)
[22:49:56] [ANTI] Root check: /system/app/Superuser.apk
[22:49:56] [EXEC] /system/xbin/which,su
[22:49:56] [EXEC] logcat -v time -d -t 210 --pid=6444
[22:49:56] [NET] URL: https://api.instabug.com/api/sdk/v3/first_seen?application_token=536f9a2b70bbeba000457794bddefcf0&uuid=0fffdb61-aab6-4637-bc80-79df75af5bfa
[22:49:56] [NET] URL: https://api.instabug.com/api/sdk/v3/application_categories?locale=en&application_token=536f9a2b70bbeba000457794bddefcf0
[22:50:00]   [!] Process öldü (~5s) — erken RPC deneniyor...
[22:50:00]   [!] Erken RPC başarısız: script has been destroyed — snapshot bekleniyor
[22:50:00]   [*] Süre doldu, veriler RPC ile alınıyor...
[22:50:00]   [!] RPC başarısız (script has been destroyed) — snapshot da yok
[22:50:00]   [DEBUG] latest_counters tip: <class 'dict'>, uzunluk: 0, toplam: 0
[22:50:00]   [-] Sayaç verisi yok — boş satır yazılmıyor.
[22:50:06]   [+] Kaldırıldı: com.meyer.finder

[22:50:06]   Durum: ✅ 2  ⏭️  7  ❌ 0  | ⏱️  ~349.2 dk kaldı
[22:50:06] [10/1001] SKIP (daha önce hatalı): 00EBCE117F705F9C17C79D5B0D0BCB9BAA581576E368FC92B65623A3F172CBE0.apk

[22:50:06] [11/1001] İşleniyor...

[22:50:06] ━━━━━━━━━━━━━━━━━━━━━━━━━━━━━━━━━━━━━━━━━━━━━━━━━━━━━━━━━━━━
[22:50:06] [APK] 00EC393215FE7A3D1E769EB3EEAB891A13595F8D96047E93B6922C702A947A18.apk
[22:50:06] ━━━━━━━━━━━━━━━━━━━━━━━━━━━━━━━━━━━━━━━━━━━━━━━━━━━━━━━━━━━━
[22:50:06]   [+] Package : com.mahalo.androidmobile.ccufl
[22:50:06]   [+] Label   : benign
[22:50:06]   [*] Kuruluyor...
[22:50:21]   [+] Kurulum OK
[22:50:21]   [*] Uygulama başlatılıyor (monkey)...
[22:50:22]   [*] PID aranıyor...
[22:50:23]   [+] PID: 6685 — attach ediliyor...
[22:50:24] === KangalGuard Agent Başladı ===
[22:50:24] [+] Method.invoke (reflection)
[22:50:24] [+] DexClassLoader.$init
[22:50:24] [+] Runtime.exec
[22:50:24] [+] Class.forName
[22:50:24] [+] PackageManager.getPackageInfo
[22:50:24] [+] SmsManager.sendTextMessage
[22:50:24] [+] TelephonyManager.getDeviceId
[22:50:24] [+] TelephonyManager.getSubscriberId
[22:50:24] [+] Cipher.init
[22:50:24] [+] KeyGenerator.generateKey
[22:50:24] [+] Base64.encode/encodeToString
[22:50:24] [+] SecureRandom.$init
[22:50:24] [+] System.exit (bypass)
[22:50:24] [+] Debug.isDebuggerConnected (bypass)
[22:50:24] [+] SystemProperties.get (emulator check)
[22:50:24] [+] File.exists (root path check)
[22:50:24] [+] Thread.sleep (timing attack)
[22:50:24] [+] Thread.getStackTrace
[22:50:24] [+] System.loadLibrary
[22:50:24] [+] Intent.setAction (implicit)
[22:50:24] [+] Activity.startActivity
[22:50:24] [+] ContextWrapper.sendBroadcast
[22:50:24] [+] ContextWrapper.bindService
[22:50:24] [+] ContentResolver.query
[22:50:24] [+] ContentResolver.insert
[22:50:24] [+] FileOutputStream.$init (write)
[22:50:24] [+] SharedPreferences.putString
[22:50:24] [+] ContextWrapper.openFileOutput
[22:50:24] [+] File.delete
[22:50:24] [+] Environment.getExternalStorageDirectory
[22:50:24] [+] Socket.$init (raw socket)
[22:50:24] [+] URL.openConnection
[22:50:24] [+] SSLContext.init (TrustManager bypass)
[22:50:24] [+] InetAddress.getByName (DNS)
[22:50:24] [+] URLConnection.setRequestProperty
[22:50:24] [+] AlarmManager.set
[22:50:24] [+] JobScheduler.schedule
[22:50:24] [+] ContextWrapper.registerReceiver
[22:50:24] [+] Activity.requestPermissions
[22:50:24] [+] PackageManager.setComponentEnabledSetting
[22:50:24] [+] Thread.$init (thread create)
[22:50:24] [+] ActivityManager.getRunningAppProcesses
[22:50:24] [+] ByteBuffer.allocate (>5MB)
[22:50:24] [+] ClassLoader.getParent
[22:50:24] === 50 Feature Hook Hazır ===
[22:50:24]   [!] Analiz başladı — 75s
[22:50:24] [ANTI] Thread.sleep(10000ms)
[22:50:28] [FILE] openFileOutput: firebase_inter_process_mutex-lock_write_report_to_sqlite.lock
[22:50:28] [FILE] openFileOutput: firebase_inter_process_mutex-lock_write_report_to_sqlite.lock
[22:50:28] [FILE] openFileOutput: firebase_inter_process_mutex-lock_write_report_to_sqlite.lock
[22:50:28] [FILE] openFileOutput: firebase_inter_process_mutex-lock_write_report_to_sqlite.lock
[22:50:28] [FILE] openFileOutput: firebase_inter_process_mutex-lock_write_report_to_sqlite.lock
[22:50:28] [FILE] openFileOutput: firebase_inter_process_mutex-lock_write_report_to_sqlite.lock
[22:50:28] [FILE] openFileOutput: firebase_inter_process_mutex-lock_write_report_to_sqlite.lock
[22:50:28] [FILE] openFileOutput: firebase_inter_process_mutex-lock_write_report_to_sqlite.lock
[22:50:28] [FILE] openFileOutput: firebase_inter_process_mutex-lock_send_report_to_server.lock
[22:50:28] [FILE] openFileOutput: firebase_inter_process_mutex-lock_write_report_to_sqlite.lock
[22:50:28] [NET] URL: https://mobilecrashreporting.googleapis.com/v1/crashes:batchCreate?key=AIzaSyCzZSwItIaVffK6N5AgK-mWJqEl4yD8oNg&alt=json
[22:50:29]   [!] Process öldü (~5s) — erken RPC deneniyor...
[22:50:29]   [!] Erken RPC başarısız: script has been destroyed — snapshot bekleniyor
[22:50:29]   [*] Süre doldu, veriler RPC ile alınıyor...
[22:50:29]   [!] RPC başarısız (script has been destroyed) — snapshot da yok
[22:50:30]   [DEBUG] latest_counters tip: <class 'dict'>, uzunluk: 0, toplam: 0
[22:50:30]   [-] Sayaç verisi yok — boş satır yazılmıyor.
[22:50:35]   [+] Kaldırıldı: com.mahalo.androidmobile.ccufl

[22:50:35]   Durum: ✅ 3  ⏭️  8  ❌ 0  | ⏱️  ~329.4 dk kaldı
[22:50:35] [12/1001] SKIP (daha önce hatalı): 00EC8CBCE00E4372BD1F8AB0DABADD0E9CDB0CB0BB34F43D0C69E9F37F3E2CC6.apk
[22:50:35] [13/1001] SKIP (zaten işlenmiş): 00EC8D8224EA859AF37C43421C37B53A6FD145A19F1D3FF4A62749827800CE17.apk
[22:50:35] Exception in thread Thread-131 (_readerthread):
[22:50:35] Traceback (most recent call last):
[22:50:35]   File "C:\Users\muham\anaconda3\envs\frida\Lib\threading.py", line 1045, in _bootstrap_inner
[22:50:35]     self.run()
[22:50:35]   File "C:\Users\muham\anaconda3\envs\frida\Lib\threading.py", line 982, in run
[22:50:35]     self._target(*self._args, **self._kwargs)
[22:50:35]   File "C:\Users\muham\anaconda3\envs\frida\Lib\subprocess.py", line 1599, in _readerthread
[22:50:35]     buffer.append(fh.read())
[22:50:35]                   ^^^^^^^^^
[22:50:35]   File "C:\Users\muham\anaconda3\envs\frida\Lib\encodings\cp1254.py", line 23, in decode
[22:50:35]     return codecs.charmap_decode(input,self.errors,decoding_table)[0]
[22:50:35]            ^^^^^^^^^^^^^^^^^^^^^^^^^^^^^^^^^^^^^^^^^^^^^^^^^^^^^^^
[22:50:35] UnicodeDecodeError: 'charmap' codec can't decode byte 0x8f in position 819: character maps to <undefined>
